/* Sun Apr 17 21:32:29.777 2016 conn 3 */ SET NAMES utf8; # error=sphinxql: syntax error, unexpected ';', expecting $end near ';'
/* Sun Apr 17 21:32:29.907 2016 conn 3 real 0.077 wall 0.077 found 0 */ SELECT id,product,category,deleted,price,fjson FROM deltaproduct WHERE @id>=1  ORDER BY id ASC LIMIT 0,100; /* error=index deltaproduct: parse error: unknown column: fjson */
/* Sun Apr 17 21:32:29.947 2016 conn 3 real 0.025 wall 0.025 found 0 */ SELECT id,product,price,deleted,fjson FROM rt_delta;
/* Sun Apr 17 21:32:38.440 2016 conn 4 */ SET NAMES utf8; # error=sphinxql: syntax error, unexpected ';', expecting $end near ';'
/* Sun Apr 17 21:32:39.199 2016 conn 4 real 0.000 wall 0.028 found 1 */ SELECT  FROM index_main WHERE @id=17;
/* Sun Apr 17 21:32:39.233 2016 conn 5 */ SET NAMES utf8; # error=sphinxql: syntax error, unexpected ';', expecting $end near ';'
/* Sun Apr 17 21:32:39.235 2016 conn 5 real 0.000 wall 0.000 found 0 */ SELECT id,product,price,deleted,fjson FROM rt_delta;
/* Sun Apr 17 21:32:57.777 2016 conn 6 */ SET NAMES utf8; # error=sphinxql: syntax error, unexpected ';', expecting $end near ';'
/* Sun Apr 17 21:32:57.778 2016 conn 6 real 0.000 wall 0.000 found 0 */ SELECT id,product,category,deleted,price,fjson FROM mainproduct WHERE @id>=1  ORDER BY id ASC LIMIT 0,100; /* error=index index_main: parse error: unknown column: fjson */
/* Sun Apr 17 21:32:57.779 2016 conn 6 real 0.000 wall 0.000 found 0 */ SELECT id,product,price,deleted,fjson FROM rt_delta;
/* Sun Apr 17 21:33:17.992 2016 conn 7 */ SET NAMES utf8; # error=sphinxql: syntax error, unexpected ';', expecting $end near ';'
/* Sun Apr 17 21:33:18.053 2016 conn 8 */ SET NAMES utf8; # error=sphinxql: syntax error, unexpected ';', expecting $end near ';'
/* Sun Apr 17 21:33:18.055 2016 conn 8 real 0.000 wall 0.000 found 1 */ SELECT id,product,price,deleted,fjson FROM rt_delta;
/* Sun Apr 17 21:33:30.805 2016 conn 9 */ SET NAMES utf8; # error=sphinxql: syntax error, unexpected ';', expecting $end near ';'
/* Sun Apr 17 21:33:30.806 2016 conn 9 real 0.000 wall 0.000 found 0 */ SELECT id,product,category,deleted,price,fjson FROM mainproduct WHERE @id>=1  ORDER BY id ASC LIMIT 0,100; /* error=index index_main: parse error: unknown column: fjson */
/* Sun Apr 17 21:33:30.807 2016 conn 9 real 0.000 wall 0.000 found 1 */ SELECT id,product,price,deleted,fjson FROM rt_delta;
/* Sun Apr 17 21:33:35.237 2016 conn 10 */ SET NAMES utf8; # error=sphinxql: syntax error, unexpected ';', expecting $end near ';'
/* Sun Apr 17 21:33:35.238 2016 conn 10 real 0.000 wall 0.000 found 0 */ SELECT id,product,category,deleted,price,fjson FROM deltaproduct WHERE @id>=1  ORDER BY id ASC LIMIT 0,100; /* error=index deltaproduct: parse error: unknown column: fjson */
/* Sun Apr 17 21:33:35.240 2016 conn 10 real 0.000 wall 0.000 found 1 */ SELECT id,product,price,deleted,fjson FROM rt_delta;
/* Sun Apr 17 21:33:49.449 2016 conn 11 */ SET NAMES utf8; # error=sphinxql: syntax error, unexpected ';', expecting $end near ';'
/* Sun Apr 17 21:33:49.450 2016 conn 11 real 0.000 wall 0.000 found 0 */ SELECT id,product,category,deleted,price,fjson FROM mainproduct WHERE @id>=1  ORDER BY id ASC LIMIT 0,100; /* error=index index_main: parse error: unknown column: fjson */
/* Sun Apr 17 21:33:49.451 2016 conn 11 real 0.000 wall 0.000 found 1 */ SELECT id,product,price,deleted,fjson FROM rt_delta;
/* Sun Apr 17 21:34:00.660 2016 conn 12 */ SET NAMES utf8; # error=sphinxql: syntax error, unexpected ';', expecting $end near ';'
/* Sun Apr 17 21:34:00.949 2016 conn 12 real 0.000 wall 0.000 found 0 */ SELECT  FROM index_main WHERE @id=12;
/* Sun Apr 17 21:34:00.968 2016 conn 13 */ SET NAMES utf8; # error=sphinxql: syntax error, unexpected ';', expecting $end near ';'
/* Sun Apr 17 21:34:00.970 2016 conn 13 real 0.000 wall 0.000 found 0 */ SELECT id,product,price,deleted,fjson FROM rt_delta;
/* Sun Apr 17 21:34:39.665 2016 conn 14 */ SET NAMES utf8; # error=sphinxql: syntax error, unexpected ';', expecting $end near ';'
/* Sun Apr 17 21:34:39.666 2016 conn 14 real 0.000 wall 0.000 found 0 */ SELECT id,product,category,deleted,price,fjson FROM mainproduct WHERE @id>=1  ORDER BY id ASC LIMIT 0,100; /* error=index index_main: parse error: unknown column: fjson */
/* Sun Apr 17 21:34:39.667 2016 conn 14 real 0.000 wall 0.000 found 0 */ SELECT id,product,price,deleted,fjson FROM rt_delta;
/* Sun Apr 17 21:34:41.280 2016 conn 15 */ SET NAMES utf8; # error=sphinxql: syntax error, unexpected ';', expecting $end near ';'
/* Sun Apr 17 21:34:41.281 2016 conn 15 real 0.000 wall 0.000 found 0 */ SELECT id,product,category,deleted,price,fjson FROM mainproduct WHERE @id>=1  ORDER BY id ASC LIMIT 0,100; /* error=index index_main: parse error: unknown column: fjson */
/* Sun Apr 17 21:34:41.282 2016 conn 15 real 0.000 wall 0.000 found 0 */ SELECT id,product,price,deleted,fjson FROM rt_delta;
/* Sun Apr 17 21:35:52.923 2016 conn 16 */ SET NAMES utf8; # error=sphinxql: syntax error, unexpected ';', expecting $end near ';'
/* Sun Apr 17 21:35:52.924 2016 conn 16 real 0.000 wall 0.000 found 11 */ SELECT id,product,category,deleted,price,fjson FROM mainproduct WHERE @id>=1  ORDER BY id ASC LIMIT 0,100;
/* Sun Apr 17 21:35:52.925 2016 conn 16 real 0.000 wall 0.000 found 0 */ SELECT id,product,price,deleted,fjson FROM rt_delta;
/* Sun Apr 17 21:36:02.270 2016 conn 17 */ SET NAMES utf8; # error=sphinxql: syntax error, unexpected ';', expecting $end near ';'
/* Sun Apr 17 21:36:02.311 2016 conn 18 */ SET NAMES utf8; # error=sphinxql: syntax error, unexpected ';', expecting $end near ';'
/* Sun Apr 17 21:36:02.313 2016 conn 18 real 0.000 wall 0.000 found 1 */ SELECT id,product,price,deleted,fjson FROM rt_delta;
/* Sun Apr 17 21:36:05.273 2016 conn 19 */ SET NAMES utf8; # error=sphinxql: syntax error, unexpected ';', expecting $end near ';'
/* Sun Apr 17 21:36:05.274 2016 conn 19 real 0.000 wall 0.000 found 11 */ SELECT id,product,category,deleted,price,fjson FROM mainproduct WHERE @id>=1  ORDER BY id ASC LIMIT 0,100;
/* Sun Apr 17 21:36:05.275 2016 conn 19 real 0.000 wall 0.000 found 1 */ SELECT id,product,price,deleted,fjson FROM rt_delta;
/* Sun Apr 17 21:36:48.413 2016 conn 21 */ SET NAMES utf8; # error=sphinxql: syntax error, unexpected ';', expecting $end near ';'
/* Sun Apr 17 21:36:48.414 2016 conn 21 real 0.000 wall 0.000 found 1 */ SELECT id,product,category,fjson,price FROM rt_delta;
/* Sun Apr 17 21:38:01.280 2016 conn 22 */ SET NAMES utf8; # error=sphinxql: syntax error, unexpected ';', expecting $end near ';'
/* Sun Apr 17 21:38:01.280 2016 conn 22 real 0.000 wall 0.000 found 1 */ SELECT id,product,category,fjson,price FROM rt_delta;
/* Sun Apr 17 21:38:32.954 2016 conn 23 */ SET NAMES utf8; # error=sphinxql: syntax error, unexpected ';', expecting $end near ';'
/* Sun Apr 17 21:38:32.955 2016 conn 23 real 0.000 wall 0.000 found 1 */ SELECT id,product,category,fjson,price FROM rt_delta;
/* Sun Apr 17 21:39:47.507 2016 conn 24 */ SET NAMES utf8; # error=sphinxql: syntax error, unexpected ';', expecting $end near ';'
/* Sun Apr 17 21:39:47.509 2016 conn 24 real 0.000 wall 0.000 found 11 */ SELECT id,product,category,deleted,price,fjson FROM mainproduct WHERE @id>=1  ORDER BY id ASC LIMIT 0,100;
/* Sun Apr 17 21:39:47.510 2016 conn 24 real 0.000 wall 0.000 found 1 */ SELECT id,product,price,deleted,fjson FROM rt_delta;
/* Sun Apr 17 21:40:07.502 2016 conn 25 */ SET NAMES utf8; # error=sphinxql: syntax error, unexpected ';', expecting $end near ';'
/* Sun Apr 17 21:40:07.503 2016 conn 25 real 0.000 wall 0.000 found 12 */ SELECT id,product,category,deleted,price,fjson FROM mainproduct WHERE @id>=1  ORDER BY id ASC LIMIT 0,100;
/* Sun Apr 17 21:40:07.504 2016 conn 25 real 0.000 wall 0.000 found 1 */ SELECT id,product,price,deleted,fjson FROM rt_delta;
/* Sun Apr 17 21:41:30.026 2016 conn 1 */ SET NAMES utf8; # error=sphinxql: syntax error, unexpected ';', expecting $end near ';'
/* Sun Apr 17 21:41:30.027 2016 conn 1 real 0.000 wall 0.000 found 11 */ SELECT id,product,category,deleted,price,fjson FROM mainproduct WHERE @id>=1  ORDER BY id ASC LIMIT 0,100;
/* Sun Apr 17 21:41:30.029 2016 conn 1 real 0.000 wall 0.000 found 0 */ SELECT id,product,price,deleted,fjson FROM rt_delta;
/* Sun Apr 17 21:41:33.411 2016 conn 2 */ SET NAMES utf8; # error=sphinxql: syntax error, unexpected ';', expecting $end near ';'
/* Sun Apr 17 21:41:33.412 2016 conn 2 real 0.000 wall 0.000 found 11 */ SELECT id,product,category,deleted,price,fjson FROM mainproduct WHERE @id>=1  ORDER BY id ASC LIMIT 0,100;
/* Sun Apr 17 21:41:33.413 2016 conn 2 real 0.000 wall 0.000 found 0 */ SELECT id,product,price,deleted,fjson FROM rt_delta;
/* Sun Apr 17 21:43:00.153 2016 conn 3 */ SET NAMES utf8; # error=sphinxql: syntax error, unexpected ';', expecting $end near ';'
/* Sun Apr 17 21:43:00.154 2016 conn 3 real 0.000 wall 0.000 found 11 */ SELECT id,product,category,deleted,price,fjson FROM mainproduct WHERE @id>=1  ORDER BY id ASC LIMIT 0,100;
/* Sun Apr 17 21:43:00.155 2016 conn 3 real 0.000 wall 0.000 found 0 */ SELECT id,product,price,deleted,fjson FROM rt_delta;
/* Sun Apr 17 21:43:06.976 2016 conn 4 */ SET NAMES utf8; # error=sphinxql: syntax error, unexpected ';', expecting $end near ';'
/* Sun Apr 17 21:43:06.996 2016 conn 5 */ SET NAMES utf8; # error=sphinxql: syntax error, unexpected ';', expecting $end near ';'
/* Sun Apr 17 21:43:06.998 2016 conn 5 real 0.000 wall 0.000 found 1 */ SELECT id,product,price,deleted,fjson FROM rt_delta;
/* Sun Apr 17 21:47:39.742 2016 conn 6 */ SET NAMES utf8; # error=sphinxql: syntax error, unexpected ';', expecting $end near ';'
/* Sun Apr 17 21:47:39.743 2016 conn 6 real 0.000 wall 0.000 found 1 */ SELECT id,product,category,fjson,price FROM rt_delta;
/* Sun Apr 17 21:48:23.366 2016 conn 1 */ SET NAMES utf8; # error=sphinxql: syntax error, unexpected ';', expecting $end near ';'
/* Sun Apr 17 21:48:23.367 2016 conn 1 real 0.000 wall 0.000 found 1 */ SELECT id,product,category,fjson,price FROM rt_delta;
/* Sun Apr 17 22:03:45.457 2016 conn 2 */ SET NAMES utf8; # error=sphinxql: syntax error, unexpected ';', expecting $end near ';'
/* Sun Apr 17 22:03:45.458 2016 conn 2 real 0.000 wall 0.000 found 1 */ SELECT id,product,category,fjson,price FROM rt_delta;
/* Sun Apr 17 22:03:45.458 2016 conn 2 */ TRUNCATE RTINDEX rt_delta; # error=sphinxql: syntax error, unexpected ';', expecting $end near ';'
/* Sun Apr 17 22:04:28.242 2016 conn 3 */ SET NAMES utf8; # error=sphinxql: syntax error, unexpected ';', expecting $end near ';'
/* Sun Apr 17 22:04:28.243 2016 conn 3 real 0.000 wall 0.000 found 1 */ SELECT id,product,category,fjson,price FROM rt_delta;
/* Sun Apr 17 22:04:28.243 2016 conn 3 */ TRUNCATE RTINDEX rt_delta; # error=sphinxql: syntax error, unexpected ';', expecting $end near ';'
/* Sun Apr 17 22:04:42.515 2016 conn 4 */ SET NAMES utf8; # error=sphinxql: syntax error, unexpected ';', expecting $end near ';'
/* Sun Apr 17 22:04:42.516 2016 conn 4 real 0.000 wall 0.000 found 0 */ SELECT id,product,category,deleted,price,fjson FROM deltaproduct WHERE @id>=1  ORDER BY id ASC LIMIT 0,100; /* error=no enabled local indexes to search */
/* Sun Apr 17 22:04:42.517 2016 conn 4 real 0.000 wall 0.000 found 1 */ SELECT id,product,price,deleted,fjson FROM rt_delta;
/* Sun Apr 17 22:04:49.862 2016 conn 5 */ SET NAMES utf8; # error=sphinxql: syntax error, unexpected ';', expecting $end near ';'
/* Sun Apr 17 22:04:49.863 2016 conn 5 real 0.000 wall 0.000 found 0 */ SELECT id,product,category,deleted,price,fjson FROM deltaproduct WHERE @id>=1  ORDER BY id ASC LIMIT 0,100; /* error=no enabled local indexes to search */
/* Sun Apr 17 22:04:49.864 2016 conn 5 real 0.000 wall 0.000 found 1 */ SELECT id,product,price,deleted,fjson FROM rt_delta;
/* Sun Apr 17 22:05:34.129 2016 conn 6 */ SET NAMES utf8; # error=sphinxql: syntax error, unexpected ';', expecting $end near ';'
/* Sun Apr 17 22:05:34.130 2016 conn 6 real 0.000 wall 0.000 found 0 */ SELECT id,product,category,deleted,price,fjson FROM deltaproduct WHERE @id>=1  ORDER BY id ASC LIMIT 0,100; /* error=no enabled local indexes to search */
/* Sun Apr 17 22:05:34.131 2016 conn 6 real 0.000 wall 0.000 found 1 */ SELECT id,product,price,deleted,fjson FROM rt_delta;
/* Sun Apr 17 22:05:37.068 2016 conn 7 */ SET NAMES utf8; # error=sphinxql: syntax error, unexpected ';', expecting $end near ';'
/* Sun Apr 17 22:05:37.069 2016 conn 7 real 0.000 wall 0.000 found 1 */ SELECT id,product,category,deleted,price,fjson FROM deltaproductcsv WHERE @id>=1  ORDER BY id ASC LIMIT 0,100;
/* Sun Apr 17 22:05:37.070 2016 conn 7 real 0.000 wall 0.000 found 1 */ SELECT id,product,price,deleted,fjson FROM rt_delta;
/* Sun Apr 17 22:07:01.189 2016 conn 8 */ SET NAMES utf8; # error=sphinxql: syntax error, unexpected ';', expecting $end near ';'
/* Sun Apr 17 22:07:01.190 2016 conn 8 real 0.000 wall 0.000 found 11 */ SELECT id,product,category,deleted,price,fjson FROM mainproduct WHERE @id>=1  ORDER BY id ASC LIMIT 0,100;
/* Sun Apr 17 22:07:01.192 2016 conn 8 real 0.000 wall 0.000 found 1 */ SELECT id,product,price,deleted,fjson FROM rt_delta;
/* Sun Apr 17 22:09:04.883 2016 conn 9 */ SET NAMES utf8; # error=sphinxql: syntax error, unexpected ';', expecting $end near ';'
/* Sun Apr 17 22:09:04.883 2016 conn 9 real 0.000 wall 0.000 found 1 */ SELECT id,product,category,fjson,price FROM rt_delta;
/* Sun Apr 17 22:09:04.884 2016 conn 9 */ TRUNCATE RTINDEX rt_delta; # error=sphinxql: syntax error, unexpected ';', expecting $end near ';'
/* Sun Apr 17 22:16:07.933 2016 conn 1 */ SET NAMES utf8; # error=sphinxql: syntax error, unexpected ';', expecting $end near ';'
/* Sun Apr 17 22:16:07.934 2016 conn 1 real 0.000 wall 0.000 found 0 */ SELECT id,product,category,fjson,price FROM rt_delta;
/* Sun Apr 17 22:16:07.934 2016 conn 1 */ TRUNCATE RTINDEX rt_delta; # error=sphinxql: syntax error, unexpected ';', expecting $end near ';'
/* Sun Apr 17 22:16:57.388 2016 conn 2 */ SET NAMES utf8; # error=sphinxql: syntax error, unexpected ';', expecting $end near ';'
/* Sun Apr 17 22:16:57.388 2016 conn 2 real 0.000 wall 0.000 found 0 */ SELECT id,product,category,fjson,price FROM rt_delta;
/* Sun Apr 17 22:16:57.388 2016 conn 2 */ TRUNCATE RTINDEX rt_delta; # error=sphinxql: syntax error, unexpected ';', expecting $end near ';'
/* Sun Apr 17 22:20:05.064 2016 conn 1 */ SET NAMES utf8; # error=sphinxql: syntax error, unexpected ';', expecting $end near ';'
/* Sun Apr 17 22:20:05.065 2016 conn 1 real 0.000 wall 0.000 found 11 */ SELECT id,product,category,deleted,price,fjson FROM mainproduct WHERE @id>=1  ORDER BY id ASC LIMIT 0,100;
/* Sun Apr 17 22:20:05.067 2016 conn 1 real 0.000 wall 0.000 found 0 */ SELECT id,product,price,deleted,fjson FROM rt_delta;
/* Sun Apr 17 22:20:11.919 2016 conn 2 */ SET NAMES utf8; # error=sphinxql: syntax error, unexpected ';', expecting $end near ';'
/* Sun Apr 17 22:20:12.016 2016 conn 3 */ SET NAMES utf8; # error=sphinxql: syntax error, unexpected ';', expecting $end near ';'
/* Sun Apr 17 22:20:12.018 2016 conn 3 real 0.000 wall 0.000 found 1 */ SELECT id,product,price,deleted,fjson FROM rt_delta;
/* Sun Apr 17 22:20:20.887 2016 conn 4 */ SET NAMES utf8; # error=sphinxql: syntax error, unexpected ';', expecting $end near ';'
/* Sun Apr 17 22:20:20.888 2016 conn 4 real 0.000 wall 0.000 found 1 */ SELECT id,product,category,fjson,price FROM rt_delta;
/* Sun Apr 17 22:20:20.888 2016 conn 4 */ TRUNCATE RTINDEX rt_delta; # error=sphinxql: syntax error, unexpected ';', expecting $end near ';'
/* Sun Apr 17 22:21:20.326 2016 conn 5 */ SET NAMES utf8; # error=sphinxql: syntax error, unexpected ';', expecting $end near ';'
/* Sun Apr 17 22:21:20.327 2016 conn 5 real 0.000 wall 0.000 found 1 */ SELECT id,product,category,fjson,price FROM rt_delta;
/* Sun Apr 17 22:21:20.327 2016 conn 5 */ TRUNCATE RTINDEX rt_delta; # error=sphinxql: syntax error, unexpected ';', expecting $end near ';'
/* Sun Apr 17 22:22:28.192 2016 conn 6 */ SET NAMES utf8; # error=sphinxql: syntax error, unexpected ';', expecting $end near ';'
/* Sun Apr 17 22:22:28.193 2016 conn 6 real 0.000 wall 0.000 found 1 */ SELECT id,product,category,fjson,price FROM rt_delta;
/* Sun Apr 17 22:22:28.193 2016 conn 6 */ TRUNCATE RTINDEX rt_delta; # error=sphinxql: syntax error, unexpected ';', expecting $end near ';'
/* Sun Apr 17 22:22:51.267 2016 conn 7 */ SET NAMES utf8; # error=sphinxql: syntax error, unexpected ';', expecting $end near ';'
/* Sun Apr 17 22:22:51.268 2016 conn 7 real 0.000 wall 0.000 found 1 */ SELECT id,product,category,fjson,price FROM rt_delta;
/* Sun Apr 17 22:22:51.268 2016 conn 7 */ TRUNCATE RTINDEX rt_delta; # error=sphinxql: syntax error, unexpected ';', expecting $end near ';'
/* Sun Apr 17 22:23:55.932 2016 conn 8 */ SET NAMES utf8; # error=sphinxql: syntax error, unexpected ';', expecting $end near ';'
/* Sun Apr 17 22:23:55.933 2016 conn 8 real 0.000 wall 0.000 found 1 */ SELECT id,product,category,fjson,price FROM rt_delta;
/* Sun Apr 17 22:23:55.933 2016 conn 8 */ TRUNCATE RTINDEX rt_delta; # error=sphinxql: syntax error, unexpected ';', expecting $end near ';'
/* Sun Apr 17 22:27:27.770 2016 conn 9 */ SET NAMES utf8; # error=sphinxql: syntax error, unexpected ';', expecting $end near ';'
/* Sun Apr 17 22:27:27.770 2016 conn 9 real 0.000 wall 0.000 found 1 */ SELECT id,product,category,fjson,price FROM rt_delta;
/* Sun Apr 17 22:27:27.771 2016 conn 9 */ TRUNCATE RTINDEX rt_delta; # error=sphinxql: syntax error, unexpected ';', expecting $end near ';'
/* Sun Apr 17 22:27:41.461 2016 conn 10 */ SET NAMES utf8; # error=sphinxql: syntax error, unexpected ';', expecting $end near ';'
/* Sun Apr 17 22:27:41.461 2016 conn 10 real 0.000 wall 0.000 found 1 */ SELECT id,product,category,fjson,price FROM rt_delta;
/* Sun Apr 17 22:27:41.462 2016 conn 10 */ TRUNCATE RTINDEX rt_delta; # error=sphinxql: syntax error, unexpected ';', expecting $end near ';'
/* Sun Apr 17 22:28:15.918 2016 conn 11 */ SET NAMES utf8; # error=sphinxql: syntax error, unexpected ';', expecting $end near ';'
/* Sun Apr 17 22:28:15.919 2016 conn 11 real 0.000 wall 0.000 found 1 */ SELECT id,product,category,fjson,price FROM rt_delta;
/* Sun Apr 17 22:28:15.919 2016 conn 11 */ TRUNCATE RTINDEX rt_delta; # error=sphinxql: syntax error, unexpected ';', expecting $end near ';'
/* Sun Apr 17 22:34:26.425 2016 conn 12 */ SET NAMES utf8; # error=sphinxql: syntax error, unexpected ';', expecting $end near ';'
/* Sun Apr 17 22:34:26.426 2016 conn 12 real 0.000 wall 0.000 found 1 */ SELECT id,product,category,fjson,price FROM rt_delta;
/* Sun Apr 17 22:34:26.426 2016 conn 12 */ TRUNCATE RTINDEX rt_delta; # error=sphinxql: syntax error, unexpected ';', expecting $end near ';'
/* Sun Apr 17 22:34:57.352 2016 conn 13 */ SET NAMES utf8; # error=sphinxql: syntax error, unexpected ';', expecting $end near ';'
/* Sun Apr 17 22:34:57.353 2016 conn 13 real 0.000 wall 0.000 found 1 */ SELECT id,product,category,fjson,price FROM rt_delta;
/* Sun Apr 17 22:34:57.353 2016 conn 13 */ TRUNCATE RTINDEX rt_delta; # error=sphinxql: syntax error, unexpected ';', expecting $end near ';'
/* Sun Apr 17 22:36:34.286 2016 conn 14 */ SET NAMES utf8; # error=sphinxql: syntax error, unexpected ';', expecting $end near ';'
/* Sun Apr 17 22:36:34.287 2016 conn 14 real 0.000 wall 0.000 found 1 */ SELECT id,product,category,fjson,price FROM rt_delta;
/* Sun Apr 17 22:36:34.287 2016 conn 14 */ TRUNCATE RTINDEX rt_delta; # error=sphinxql: syntax error, unexpected ';', expecting $end near ';'
/* Sun Apr 17 22:37:41.794 2016 conn 15 */ SET NAMES utf8; # error=sphinxql: syntax error, unexpected ';', expecting $end near ';'
/* Sun Apr 17 22:37:41.795 2016 conn 15 real 0.000 wall 0.000 found 1 */ SELECT id,product,category,fjson,price FROM rt_delta;
/* Sun Apr 17 22:37:41.795 2016 conn 15 */ TRUNCATE RTINDEX rt_delta; # error=sphinxql: syntax error, unexpected ';', expecting $end near ';'
/* Sun Apr 17 22:38:27.058 2016 conn 16 */ SET NAMES utf8; # error=sphinxql: syntax error, unexpected ';', expecting $end near ';'
/* Sun Apr 17 22:38:27.059 2016 conn 16 real 0.000 wall 0.000 found 1 */ SELECT id,product,category,fjson,price FROM rt_delta;
/* Sun Apr 17 22:38:27.059 2016 conn 16 */ TRUNCATE RTINDEX rt_delta; # error=sphinxql: syntax error, unexpected ';', expecting $end near ';'
/* Sun Apr 17 22:39:26.516 2016 conn 17 */ SET NAMES utf8; # error=sphinxql: syntax error, unexpected ';', expecting $end near ';'
/* Sun Apr 17 22:39:26.517 2016 conn 17 real 0.000 wall 0.000 found 1 */ SELECT id,product,category,fjson,price FROM rt_delta;
/* Sun Apr 17 22:40:21.862 2016 conn 1 */ SET NAMES utf8; # error=sphinxql: syntax error, unexpected ';', expecting $end near ';'
/* Sun Apr 17 22:40:21.939 2016 conn 2 */ SET NAMES utf8; # error=sphinxql: syntax error, unexpected ';', expecting $end near ';'
/* Sun Apr 17 22:40:21.941 2016 conn 2 real 0.000 wall 0.000 found 1 */ SELECT id,product,price,deleted,fjson FROM rt_delta;
/* Sun Apr 17 22:40:30.510 2016 conn 3 */ SET NAMES utf8; # error=sphinxql: syntax error, unexpected ';', expecting $end near ';'
/* Sun Apr 17 22:40:30.511 2016 conn 3 real 0.000 wall 0.000 found 1 */ SELECT id,product,category,fjson,price FROM rt_delta;
/* Sun Apr 17 22:44:54.225 2016 conn 1 */ SET NAMES utf8; # error=sphinxql: syntax error, unexpected ';', expecting $end near ';'
/* Sun Apr 17 22:44:54.226 2016 conn 1 real 0.000 wall 0.000 found 0 */ SELECT id,product,price,deleted,fjson FROM rt_delta;
/* Sun Apr 17 22:44:59.556 2016 conn 2 */ SET NAMES utf8; # error=sphinxql: syntax error, unexpected ';', expecting $end near ';'
/* Sun Apr 17 22:44:59.584 2016 conn 3 */ SET NAMES utf8; # error=sphinxql: syntax error, unexpected ';', expecting $end near ';'
/* Sun Apr 17 22:44:59.586 2016 conn 3 real 0.000 wall 0.000 found 1 */ SELECT id,product,price,deleted,fjson FROM rt_delta;
/* Sun Apr 17 22:45:17.849 2016 conn 4 */ SET NAMES utf8; # error=sphinxql: syntax error, unexpected ';', expecting $end near ';'
/* Sun Apr 17 22:45:17.849 2016 conn 4 real 0.000 wall 0.000 found 1 */ SELECT id,product,category,fjson,price FROM rt_delta;
/* Sun Apr 17 22:50:13.042 2016 conn 5 */ SET NAMES utf8; # error=sphinxql: syntax error, unexpected ';', expecting $end near ';'
/* Sun Apr 17 22:50:13.043 2016 conn 5 real 0.000 wall 0.000 found 1 */ SELECT id,product,category,fjson,price FROM rt_delta;
/* Sun Apr 17 22:51:11.188 2016 conn 1 */ SET NAMES utf8; # error=sphinxql: syntax error, unexpected ';', expecting $end near ';'
/* Sun Apr 17 22:51:11.189 2016 conn 1 real 0.000 wall 0.000 found 1 */ SELECT id,product,category,fjson,price FROM rt_delta;
/* Sun Apr 17 23:53:42.686 2016 conn 1 */ SET NAMES utf8; # error=sphinxql: syntax error, unexpected ';', expecting $end near ';'
/* Sun Apr 17 23:53:42.744 2016 conn 1 real 0.014 wall 0.014 found 11 */ SELECT id,product,category,deleted,price,fjson FROM mainproduct WHERE @id>=1  ORDER BY id ASC LIMIT 0,100;
/* Sun Apr 17 23:53:42.753 2016 conn 1 real 0.007 wall 0.007 found 0 */ SELECT id,product,price,deleted,fjson FROM rt_delta;
/* Sun Apr 17 23:54:00.060 2016 conn 2 */ SET NAMES utf8; # error=sphinxql: syntax error, unexpected ';', expecting $end near ';'
/* Sun Apr 17 23:54:00.212 2016 conn 3 */ SET NAMES utf8; # error=sphinxql: syntax error, unexpected ';', expecting $end near ';'
/* Sun Apr 17 23:54:00.220 2016 conn 3 real 0.006 wall 0.006 found 1 */ SELECT id,product,price,deleted,fjson FROM rt_delta;
/* Sun Apr 17 23:54:06.800 2016 conn 4 */ SET NAMES utf8; # error=sphinxql: syntax error, unexpected ';', expecting $end near ';'
/* Sun Apr 17 23:54:06.801 2016 conn 4 real 0.000 wall 0.000 found 11 */ SELECT id,product,category,deleted,price,fjson FROM mainproduct WHERE @id>=1  ORDER BY id ASC LIMIT 0,100;
/* Sun Apr 17 23:54:06.803 2016 conn 4 real 0.000 wall 0.000 found 1 */ SELECT id,product,price,deleted,fjson FROM rt_delta;
/* Sun Apr 17 23:54:27.257 2016 conn 5 */ SET NAMES utf8; # error=sphinxql: syntax error, unexpected ';', expecting $end near ';'
/* Sun Apr 17 23:54:27.258 2016 conn 5 real 0.000 wall 0.000 found 1 */ SELECT id,product,category,deleted,price,fjson FROM deltaproduct WHERE @id>=1  ORDER BY id ASC LIMIT 0,100;
/* Sun Apr 17 23:54:27.259 2016 conn 5 real 0.000 wall 0.000 found 1 */ SELECT id,product,price,deleted,fjson FROM rt_delta;
/* Sun Apr 17 23:55:09.424 2016 conn 6 */ SET NAMES utf8; # error=sphinxql: syntax error, unexpected ';', expecting $end near ';'
/* Sun Apr 17 23:55:09.425 2016 conn 6 real 0.000 wall 0.000 found 11 */ SELECT id,product,category,deleted,price,fjson FROM mainproduct WHERE @id>=1  ORDER BY id ASC LIMIT 0,100;
/* Sun Apr 17 23:55:09.427 2016 conn 6 real 0.000 wall 0.000 found 1 */ SELECT id,product,price,deleted,fjson FROM rt_delta;
/* Sun Apr 17 23:56:01.371 2016 conn 7 */ SET NAMES utf8; # error=sphinxql: syntax error, unexpected ';', expecting $end near ';'
/* Sun Apr 17 23:56:01.372 2016 conn 7 real 0.000 wall 0.000 found 12 */ SELECT id,product,category,deleted,price,fjson FROM mainproduct WHERE @id>=1  ORDER BY id ASC LIMIT 0,100;
/* Sun Apr 17 23:56:01.374 2016 conn 7 real 0.000 wall 0.000 found 1 */ SELECT id,product,price,deleted,fjson FROM rt_delta;
/* Sun Apr 17 23:56:46.038 2016 conn 8 */ SET NAMES utf8; # error=sphinxql: syntax error, unexpected ';', expecting $end near ';'
/* Sun Apr 17 23:56:46.039 2016 conn 8 real 0.000 wall 0.000 found 1 */ SELECT id,product,category,deleted,price,fjson FROM deltaproduct WHERE @id>=1  ORDER BY id ASC LIMIT 0,100;
/* Sun Apr 17 23:56:46.040 2016 conn 8 real 0.000 wall 0.000 found 1 */ SELECT id,product,price,deleted,fjson FROM rt_delta;
/* Sun Apr 17 23:57:06.637 2016 conn 9 */ SET NAMES utf8; # error=sphinxql: syntax error, unexpected ';', expecting $end near ';'
/* Sun Apr 17 23:57:06.638 2016 conn 9 real 0.000 wall 0.000 found 0 */ SELECT id,product,category,deleted,price,fjson FROM deltaproduct WHERE @id>=1  ORDER BY id ASC LIMIT 0,100;
/* Sun Apr 17 23:57:06.650 2016 conn 9 real 0.000 wall 0.000 found 1 */ SELECT id,product,price,deleted,fjson FROM rt_delta;
